<?xml version="1.0" encoding="UTF-8"?>
<robot generator="Robot 7.2.2 (Python 3.13.2 on win32)" generated="2025-02-21T18:22:13.778536" rpa="false" schemaversion="5">
<suite id="s1" name="Dropdowntest" source="C:\Users\user\PycharmProjects\Test1\Automation\Dropdowntest.robot">
<test id="s1-t1" name="Login" line="10">
<kw name="Open Browser" owner="SeleniumLibrary">
<msg time="2025-02-21T18:22:14.126049" level="INFO">Opening browser 'chrome' to base url 'https://console.lepos.app/app/products'.</msg>
<arg>${url}</arg>
<arg>${browser}</arg>
<doc>Opens a new browser instance to the optional ``url``.</doc>
<status status="PASS" start="2025-02-21T18:22:14.125847" elapsed="2.201021"/>
</kw>
<kw name="Maximize Browser Window" owner="SeleniumLibrary">
<doc>Maximizes current browser window.</doc>
<status status="PASS" start="2025-02-21T18:22:16.327444" elapsed="0.031674"/>
</kw>
<kw name="Sleep" owner="BuiltIn">
<msg time="2025-02-21T18:22:21.360849" level="INFO">Slept 5 seconds.</msg>
<arg>5</arg>
<doc>Pauses the test executed for the given time.</doc>
<status status="PASS" start="2025-02-21T18:22:16.359548" elapsed="5.001545"/>
</kw>
<kw name="Wait Until Element Is Visible" owner="SeleniumLibrary">
<arg>xpath://*[@id="auth"]/app-main/ion-content/ion-row/ion-col[2]/ion-row/ion-col/div/ion-card/ion-card-content/ion-row/ion-col[3]/ion-button</arg>
<doc>Waits until the element ``locator`` is visible.</doc>
<status status="PASS" start="2025-02-21T18:22:21.361849" elapsed="0.023526"/>
</kw>
<kw name="Click Element" owner="SeleniumLibrary">
<msg time="2025-02-21T18:22:21.385883" level="INFO">Clicking element 'xpath://*[@id="auth"]/app-main/ion-content/ion-row/ion-col[2]/ion-row/ion-col/div/ion-card/ion-card-content/ion-row/ion-col[3]/ion-button'.</msg>
<arg>xpath://*[@id="auth"]/app-main/ion-content/ion-row/ion-col[2]/ion-row/ion-col/div/ion-card/ion-card-content/ion-row/ion-col[3]/ion-button</arg>
<doc>Click the element identified by ``locator``.</doc>
<status status="PASS" start="2025-02-21T18:22:21.385684" elapsed="0.045571"/>
</kw>
<kw name="Sleep" owner="BuiltIn">
<msg time="2025-02-21T18:22:26.432558" level="INFO">Slept 5 seconds.</msg>
<arg>5</arg>
<doc>Pauses the test executed for the given time.</doc>
<status status="PASS" start="2025-02-21T18:22:21.431661" elapsed="5.001051"/>
</kw>
<kw name="Input Text" owner="SeleniumLibrary">
<msg time="2025-02-21T18:22:26.433462" level="INFO">Typing text 'demo-21@mail.com' into text field 'xpath://*[@id="ion-input-0"]'.</msg>
<arg>xpath://*[@id="ion-input-0"]</arg>
<arg>demo-21@mail.com</arg>
<doc>Types the given ``text`` into the text field identified by ``locator``.</doc>
<status status="PASS" start="2025-02-21T18:22:26.433157" elapsed="0.147876"/>
</kw>
<kw name="Sleep" owner="BuiltIn">
<msg time="2025-02-21T18:22:28.582214" level="INFO">Slept 2 seconds.</msg>
<arg>2</arg>
<doc>Pauses the test executed for the given time.</doc>
<status status="PASS" start="2025-02-21T18:22:26.581515" elapsed="2.000825"/>
</kw>
<kw name="Input Text" owner="SeleniumLibrary">
<msg time="2025-02-21T18:22:28.582866" level="INFO">Typing text 'M0RqOMu0' into text field 'xpath://*[@id="ion-input-1"]'.</msg>
<arg>xpath://*[@id="ion-input-1"]</arg>
<arg>M0RqOMu0</arg>
<doc>Types the given ``text`` into the text field identified by ``locator``.</doc>
<status status="PASS" start="2025-02-21T18:22:28.582651" elapsed="0.095145"/>
</kw>
<kw name="Click Element" owner="SeleniumLibrary">
<msg time="2025-02-21T18:22:28.678822" level="INFO">Clicking element 'xpath://*[@id="auth"]/app-login/ion-content/ion-grid/ion-row/ion-col/div/ion-card/div/div[2]/ion-button'.</msg>
<arg>xpath://*[@id="auth"]/app-login/ion-content/ion-grid/ion-row/ion-col/div/ion-card/div/div[2]/ion-button</arg>
<doc>Click the element identified by ``locator``.</doc>
<status status="PASS" start="2025-02-21T18:22:28.678606" elapsed="0.079072"/>
</kw>
<kw name="Sleep" owner="BuiltIn">
<msg time="2025-02-21T18:22:38.758965" level="INFO">Slept 10 seconds.</msg>
<arg>10</arg>
<doc>Pauses the test executed for the given time.</doc>
<status status="PASS" start="2025-02-21T18:22:28.758173" elapsed="10.001025"/>
</kw>
<kw name="Mouse Over" owner="SeleniumLibrary">
<msg time="2025-02-21T18:22:38.760364" level="INFO">Simulating Mouse Over on element 'xpath://*[@id="cool-sidebar"]/ion-content/div/div[2]/ion-item/ion-label'.</msg>
<arg>xpath://*[@id="cool-sidebar"]/ion-content/div/div[2]/ion-item/ion-label</arg>
<doc>Simulates hovering the mouse over the element ``locator``.</doc>
<status status="PASS" start="2025-02-21T18:22:38.759985" elapsed="0.321711"/>
</kw>
<kw name="Click Element" owner="SeleniumLibrary">
<msg time="2025-02-21T18:22:39.082908" level="INFO">Clicking element 'xpath://*[@id="cool-sidebar"]/ion-content/div/div[2]/ion-item/ion-label'.</msg>
<arg>xpath://*[@id="cool-sidebar"]/ion-content/div/div[2]/ion-item/ion-label</arg>
<doc>Click the element identified by ``locator``.</doc>
<status status="PASS" start="2025-02-21T18:22:39.082462" elapsed="0.063859"/>
</kw>
<kw name="Wait Until Element Is Visible" owner="SeleniumLibrary">
<arg>xpath://*[@id="cool-sidebar"]/ion-content/div/div[2]/ion-item/ion-label</arg>
<doc>Waits until the element ``locator`` is visible.</doc>
<status status="PASS" start="2025-02-21T18:22:39.146721" elapsed="0.047386"/>
</kw>
<kw name="Sleep" owner="BuiltIn">
<msg time="2025-02-21T18:22:49.195388" level="INFO">Slept 10 seconds.</msg>
<arg>10</arg>
<doc>Pauses the test executed for the given time.</doc>
<status status="PASS" start="2025-02-21T18:22:39.194428" elapsed="10.001246"/>
</kw>
<kw name="Click Element" owner="SeleniumLibrary">
<msg time="2025-02-21T18:22:49.196845" level="INFO">Clicking element 'xpath://ion-label[normalize-space()='Items']'.</msg>
<arg>xpath://ion-label[normalize-space()='Items']</arg>
<doc>Click the element identified by ``locator``.</doc>
<status status="PASS" start="2025-02-21T18:22:49.196412" elapsed="0.119136"/>
</kw>
<kw name="Sleep" owner="BuiltIn">
<msg time="2025-02-21T18:22:59.316794" level="INFO">Slept 10 seconds.</msg>
<arg>10</arg>
<doc>Pauses the test executed for the given time.</doc>
<status status="PASS" start="2025-02-21T18:22:49.315974" elapsed="10.001054"/>
</kw>
<kw name="Click Element" owner="SeleniumLibrary">
<msg time="2025-02-21T18:22:59.318561" level="INFO">Clicking element 'xpath://span[normalize-space()='Add']'.</msg>
<arg>xpath://span[normalize-space()='Add']</arg>
<doc>Click the element identified by ``locator``.</doc>
<status status="PASS" start="2025-02-21T18:22:59.318133" elapsed="0.196310"/>
</kw>
<kw name="Sleep" owner="BuiltIn">
<msg time="2025-02-21T18:23:04.521925" level="INFO">Slept 5 seconds.</msg>
<arg>5</arg>
<doc>Pauses the test executed for the given time.</doc>
<status status="PASS" start="2025-02-21T18:22:59.520488" elapsed="5.001662"/>
</kw>
<kw name="Input Text" owner="SeleniumLibrary">
<msg time="2025-02-21T18:23:04.523464" level="INFO">Typing text 'Test1' into text field 'xpath://*[@id="ion-input-8"]'.</msg>
<arg>xpath://*[@id="ion-input-8"]</arg>
<arg>Test1</arg>
<doc>Types the given ``text`` into the text field identified by ``locator``.</doc>
<status status="PASS" start="2025-02-21T18:23:04.522698" elapsed="0.122417"/>
</kw>
<kw name="Sleep" owner="BuiltIn">
<msg time="2025-02-21T18:23:09.646245" level="INFO">Slept 5 seconds.</msg>
<arg>5</arg>
<doc>Pauses the test executed for the given time.</doc>
<status status="PASS" start="2025-02-21T18:23:04.645438" elapsed="5.001030"/>
</kw>
<kw name="Click Element" owner="SeleniumLibrary">
<msg time="2025-02-21T18:23:09.647563" level="INFO">Clicking element 'xpath://*[@id="main-row"]/ion-col[3]/div/ion-row[2]/ion-col[1]/app-select/div/ion-select'.</msg>
<arg>xpath://*[@id="main-row"]/ion-col[3]/div/ion-row[2]/ion-col[1]/app-select/div/ion-select</arg>
<doc>Click the element identified by ``locator``.</doc>
<status status="PASS" start="2025-02-21T18:23:09.647141" elapsed="0.130191"/>
</kw>
<kw name="Sleep" owner="BuiltIn">
<msg time="2025-02-21T18:23:19.778867" level="INFO">Slept 10 seconds.</msg>
<arg>10</arg>
<doc>Pauses the test executed for the given time.</doc>
<status status="PASS" start="2025-02-21T18:23:09.777974" elapsed="10.001446"/>
</kw>
<kw name="Click Element" owner="SeleniumLibrary">
<msg time="2025-02-21T18:23:19.780533" level="INFO">Clicking element 'xpath://*[@id="ion-overlay-4"]/ion-select-popover/ion-list/ion-radio-group/ion-item[2]'.</msg>
<arg>xpath://*[@id="ion-overlay-4"]/ion-select-popover/ion-list/ion-radio-group/ion-item[2]</arg>
<doc>Click the element identified by ``locator``.</doc>
<status status="PASS" start="2025-02-21T18:23:19.780166" elapsed="0.083608"/>
</kw>
<kw name="Scroll Element Into View" owner="SeleniumLibrary">
<arg>xpath://*[@id="ion-input-4"]</arg>
<doc>Scrolls the element identified by ``locator`` into view.</doc>
<status status="PASS" start="2025-02-21T18:23:19.864233" elapsed="0.284118"/>
</kw>
<kw name="Input Text" owner="SeleniumLibrary">
<msg time="2025-02-21T18:23:20.149635" level="INFO">Typing text 'abcde' into text field 'xpath://*[@id="ion-input-4"]'.</msg>
<arg>xpath://*[@id="ion-input-4"]</arg>
<arg>abcde</arg>
<doc>Types the given ``text`` into the text field identified by ``locator``.</doc>
<status status="PASS" start="2025-02-21T18:23:20.149210" elapsed="0.121337"/>
</kw>
<kw name="Sleep" owner="BuiltIn">
<msg time="2025-02-21T18:23:25.272155" level="INFO">Slept 5 seconds.</msg>
<arg>5</arg>
<doc>Pauses the test executed for the given time.</doc>
<status status="PASS" start="2025-02-21T18:23:20.270998" elapsed="5.001392"/>
</kw>
<kw name="Scroll Element Into View" owner="SeleniumLibrary">
<arg>xpath://*[@id="ion-input-7"]</arg>
<doc>Scrolls the element identified by ``locator`` into view.</doc>
<status status="PASS" start="2025-02-21T18:23:25.274598" elapsed="0.304273"/>
</kw>
<kw name="Sleep" owner="BuiltIn">
<msg time="2025-02-21T18:23:30.580886" level="INFO">Slept 5 seconds.</msg>
<arg>5</arg>
<doc>Pauses the test executed for the given time.</doc>
<status status="PASS" start="2025-02-21T18:23:25.579594" elapsed="5.001537"/>
</kw>
<kw name="Input Text" owner="SeleniumLibrary">
<msg time="2025-02-21T18:23:30.582226" level="INFO">Typing text '5' into text field 'xpath://*[@id="ion-input-2"]'.</msg>
<arg>xpath://*[@id="ion-input-2"]</arg>
<arg>5</arg>
<doc>Types the given ``text`` into the text field identified by ``locator``.</doc>
<status status="PASS" start="2025-02-21T18:23:30.581817" elapsed="0.173170"/>
</kw>
<kw name="Sleep" owner="BuiltIn">
<msg time="2025-02-21T18:23:32.756295" level="INFO">Slept 2 seconds.</msg>
<arg>2</arg>
<doc>Pauses the test executed for the given time.</doc>
<status status="PASS" start="2025-02-21T18:23:30.755426" elapsed="2.001062"/>
</kw>
<kw name="Input Text" owner="SeleniumLibrary">
<msg time="2025-02-21T18:23:32.757224" level="INFO">Typing text '1' into text field 'xpath://*[@id="ion-input-3"]'.</msg>
<arg>xpath://*[@id="ion-input-3"]</arg>
<arg>1</arg>
<doc>Types the given ``text`` into the text field identified by ``locator``.</doc>
<status status="PASS" start="2025-02-21T18:23:32.756977" elapsed="0.108876"/>
</kw>
<kw name="Sleep" owner="BuiltIn">
<msg time="2025-02-21T18:23:34.867128" level="INFO">Slept 2 seconds.</msg>
<arg>2</arg>
<doc>Pauses the test executed for the given time.</doc>
<status status="PASS" start="2025-02-21T18:23:32.866234" elapsed="2.001177"/>
</kw>
<kw name="Input Text" owner="SeleniumLibrary">
<msg time="2025-02-21T18:23:34.868840" level="INFO">Typing text 'Cake' into text field 'xpath://*[@id="ion-input-7"]'.</msg>
<arg>xpath://*[@id="ion-input-7"]</arg>
<arg>Cake</arg>
<doc>Types the given ``text`` into the text field identified by ``locator``.</doc>
<status status="PASS" start="2025-02-21T18:23:34.868284" elapsed="0.100244"/>
</kw>
<kw name="Sleep" owner="BuiltIn">
<msg time="2025-02-21T18:23:39.969998" level="INFO">Slept 5 seconds.</msg>
<arg>5</arg>
<doc>Pauses the test executed for the given time.</doc>
<status status="PASS" start="2025-02-21T18:23:34.969052" elapsed="5.001241"/>
</kw>
<kw name="Input Text" owner="SeleniumLibrary">
<msg time="2025-02-21T18:23:39.971414" level="INFO">Typing text 'Testing123' into text field 'xpath://*[@id="ion-textarea-0"]'.</msg>
<arg>xpath://*[@id="ion-textarea-0"]</arg>
<arg>Testing123</arg>
<doc>Types the given ``text`` into the text field identified by ``locator``.</doc>
<status status="PASS" start="2025-02-21T18:23:39.970969" elapsed="0.100324"/>
</kw>
<kw name="Sleep" owner="BuiltIn">
<msg time="2025-02-21T18:23:42.072772" level="INFO">Slept 2 seconds.</msg>
<arg>2</arg>
<doc>Pauses the test executed for the given time.</doc>
<status status="PASS" start="2025-02-21T18:23:40.071670" elapsed="2.001358"/>
</kw>
<kw name="Click Element" owner="SeleniumLibrary">
<msg time="2025-02-21T18:23:42.074095" level="INFO">Clicking element 'xpath://*[@id="main"]/app-apple/ion-router-outlet/app-create-product/ion-footer/div/ion-button[2]'.</msg>
<arg>xpath://*[@id="main"]/app-apple/ion-router-outlet/app-create-product/ion-footer/div/ion-button[2]</arg>
<doc>Click the element identified by ``locator``.</doc>
<status status="PASS" start="2025-02-21T18:23:42.073694" elapsed="0.094114"/>
</kw>
<kw name="Sleep" owner="BuiltIn">
<msg time="2025-02-21T18:23:44.169354" level="INFO">Slept 2 seconds.</msg>
<arg>2</arg>
<doc>Pauses the test executed for the given time.</doc>
<status status="PASS" start="2025-02-21T18:23:42.168680" elapsed="2.000917"/>
</kw>
<kw name="Click Element" owner="SeleniumLibrary">
<msg time="2025-02-21T18:23:44.170832" level="INFO">Clicking element 'xpath://*[@id="main"]/app-apple/ion-router-outlet/app-create-product/ion-footer/div/ion-button[2]'.</msg>
<arg>xpath://*[@id="main"]/app-apple/ion-router-outlet/app-create-product/ion-footer/div/ion-button[2]</arg>
<doc>Click the element identified by ``locator``.</doc>
<status status="PASS" start="2025-02-21T18:23:44.170464" elapsed="0.073343"/>
</kw>
<kw name="Sleep" owner="BuiltIn">
<msg time="2025-02-21T18:23:48.245305" level="INFO">Slept 4 seconds.</msg>
<arg>4</arg>
<doc>Pauses the test executed for the given time.</doc>
<status status="PASS" start="2025-02-21T18:23:44.244630" elapsed="4.000859"/>
</kw>
<kw name="Click Element" owner="SeleniumLibrary">
<msg time="2025-02-21T18:23:48.246385" level="INFO">Clicking element 'xpath://*[@id="main"]/app-apple/ion-router-outlet/app-create-product/ion-footer/div/ion-button[2]'.</msg>
<arg>xpath://*[@id="main"]/app-apple/ion-router-outlet/app-create-product/ion-footer/div/ion-button[2]</arg>
<doc>Click the element identified by ``locator``.</doc>
<status status="PASS" start="2025-02-21T18:23:48.246083" elapsed="0.067193"/>
</kw>
<kw name="Sleep" owner="BuiltIn">
<msg time="2025-02-21T18:23:53.314620" level="INFO">Slept 5 seconds.</msg>
<arg>5</arg>
<doc>Pauses the test executed for the given time.</doc>
<status status="PASS" start="2025-02-21T18:23:48.313730" elapsed="5.001168"/>
</kw>
<status status="PASS" start="2025-02-21T18:22:14.125070" elapsed="99.190507"/>
</test>
<status status="PASS" start="2025-02-21T18:22:13.779419" elapsed="99.539262"/>
</suite>
<statistics>
<total>
<stat pass="1" fail="0" skip="0">All Tests</stat>
</total>
<tag>
</tag>
<suite>
<stat name="Dropdowntest" id="s1" pass="1" fail="0" skip="0">Dropdowntest</stat>
</suite>
</statistics>
<errors>
</errors>
</robot>
